d:\xx\connection instrument sdk v6.8.0\samples\sampleflashplayer\release\vc142.pdb
d:\xx\connection instrument sdk v6.8.0\samples\sampleflashplayer\release\.netframework,version=v4.0.assemblyattributes.obj
d:\xx\connection instrument sdk v6.8.0\samples\sampleflashplayer\release\stdafx.obj
d:\xx\connection instrument sdk v6.8.0\samples\sampleflashplayer\release\selectnetwork.obj
d:\xx\connection instrument sdk v6.8.0\samples\sampleflashplayer\release\selectcomputer.obj
d:\xx\connection instrument sdk v6.8.0\samples\sampleflashplayer\release\flashplugin.obj
d:\xx\connection instrument sdk v6.8.0\samples\sampleflashplayer\release\cshockwaveflash.obj
d:\xx\connection instrument sdk v6.8.0\samples\sampleflashplayer\release\validate.obj
d:\xx\connection instrument sdk v6.8.0\samples\sampleflashplayer\release\flashplugindlg.obj
d:\xx\connection instrument sdk v6.8.0\samples\sampleflashplayer\release\isflashplayer.exe
d:\xx\connection instrument sdk v6.8.0\samples\sampleflashplayer\release\isflashplayer.pdb
d:\xx\connection instrument sdk v6.8.0\samples\sampleflashplayer\release\flashplugin.res
d:\xx\connection instrument sdk v6.8.0\samples\sampleflashplayer\release\flash11e.tli
d:\xx\connection instrument sdk v6.8.0\samples\sampleflashplayer\release\msado15.tli
d:\xx\connection instrument sdk v6.8.0\samples\sampleflashplayer\release\flash11e.tlh
d:\xx\connection instrument sdk v6.8.0\samples\sampleflashplayer\release\msado15.tlh
d:\xx\connection instrument sdk v6.8.0\samples\sampleflashplayer\release\isflashplayer.exe.metagen
d:\xx\connection instrument sdk v6.8.0\samples\sampleflashplayer\release\isflashplayer.tlog\cl.command.1.tlog
d:\xx\connection instrument sdk v6.8.0\samples\sampleflashplayer\release\isflashplayer.tlog\cl.read.1.tlog
d:\xx\connection instrument sdk v6.8.0\samples\sampleflashplayer\release\isflashplayer.tlog\cl.write.1.tlog
d:\xx\connection instrument sdk v6.8.0\samples\sampleflashplayer\release\isflashplayer.tlog\link.command.1.tlog
d:\xx\connection instrument sdk v6.8.0\samples\sampleflashplayer\release\isflashplayer.tlog\link.read.1.tlog
d:\xx\connection instrument sdk v6.8.0\samples\sampleflashplayer\release\isflashplayer.tlog\link.write.1.tlog
d:\xx\connection instrument sdk v6.8.0\samples\sampleflashplayer\release\isflashplayer.tlog\metagen.read.1.tlog
d:\xx\connection instrument sdk v6.8.0\samples\sampleflashplayer\release\isflashplayer.tlog\metagen.write.1.tlog
d:\xx\connection instrument sdk v6.8.0\samples\sampleflashplayer\release\isflashplayer.tlog\rc.command.1.tlog
d:\xx\connection instrument sdk v6.8.0\samples\sampleflashplayer\release\isflashplayer.tlog\rc.read.1.tlog
d:\xx\connection instrument sdk v6.8.0\samples\sampleflashplayer\release\isflashplayer.tlog\rc.write.1.tlog
d:\xx\connection instrument sdk v6.8.0\samples\sampleflashplayer\release\isflashplayer.tlog\flash11e.ocx.bi
d:\xx\connection instrument sdk v6.8.0\samples\sampleflashplayer\release\isflashplayer.tlog\msado15.dll.bi
